<?xml version="1.0" encoding="UTF-8"?>
<!-- Generated by org.testng.reporters.JUnitReportReporter -->
<testsuite hostname="LTIN284054" failures="0" tests="57" name="TestCases.LoanTenureCalculatorUICheck" time="106.800" errors="0" timestamp="2024-02-19T14:43:40 IST" skipped="0">
  <testcase classname="TestCases.LoanTenureCalculatorUICheck" name="clickOnCarLoanLink" time="0.832"/>
  <testcase classname="TestCases.LoanTenureCalculatorUICheck" name="setCarAmount" time="0.996"/>
  <testcase classname="TestCases.LoanTenureCalculatorUICheck" name="setInterestRate" time="0.940"/>
  <testcase classname="TestCases.LoanTenureCalculatorUICheck" name="setLoanTenure" time="0.840"/>
  <testcase classname="TestCases.LoanTenureCalculatorUICheck" name="clickOnyear" time="0.257"/>
  <testcase classname="TestCases.LoanTenureCalculatorUICheck" name="readData" time="0.164"/>
  <testcase classname="TestCases.LoanTenureCalculatorUICheck" name="calculatorsDropDownValidation" time="0.402"/>
  <testcase classname="TestCases.LoanTenureCalculatorUICheck" name="homeLoanEmiCalculatorValidation" time="14.728"/>
  <testcase classname="TestCases.LoanTenureCalculatorUICheck" name="validateHomeValueInputfield" time="5.254"/>
  <testcase classname="TestCases.LoanTenureCalculatorUICheck" name="validateDownPaymentInputFieldInPercentage" time="4.026"/>
  <testcase classname="TestCases.LoanTenureCalculatorUICheck" name="validateDownPaymentRupeesButton" time="0.504"/>
  <testcase classname="TestCases.LoanTenureCalculatorUICheck" name="validateLoanInsuranceInputField" time="4.055"/>
  <testcase classname="TestCases.LoanTenureCalculatorUICheck" name="validateInterestRateInputField" time="0.508"/>
  <testcase classname="TestCases.LoanTenureCalculatorUICheck" name="validateLoanTenureInputField" time="0.618"/>
  <testcase classname="TestCases.LoanTenureCalculatorUICheck" name="validateLoanTenureMonthsButton" time="0.566"/>
  <testcase classname="TestCases.LoanTenureCalculatorUICheck" name="validateLoanChargesInputField" time="4.851"/>
  <testcase classname="TestCases.LoanTenureCalculatorUICheck" name="validateLoanChargesRupeesButtonElement" time="0.452"/>
  <testcase classname="TestCases.LoanTenureCalculatorUICheck" name="validateLoanStartMonthAndYearField" time="0.419"/>
  <testcase classname="TestCases.LoanTenureCalculatorUICheck" name="validateLoanStartMonthAndYearInputField" time="1.739"/>
  <testcase classname="TestCases.LoanTenureCalculatorUICheck" name="validateOneTimeExpensesInputField" time="0.333"/>
  <testcase classname="TestCases.LoanTenureCalculatorUICheck" name="validateOneTimeExpensesRupeesButton" time="3.723"/>
  <testcase classname="TestCases.LoanTenureCalculatorUICheck" name="validatePropertyTaxesPerYearInputField" time="0.554"/>
  <testcase classname="TestCases.LoanTenureCalculatorUICheck" name="validatePropertyTaxesPerYearRupeesButton" time="3.638"/>
  <testcase classname="TestCases.LoanTenureCalculatorUICheck" name="validateHomeInsurancePerYearInputField" time="0.375"/>
  <testcase classname="TestCases.LoanTenureCalculatorUICheck" name="validateHomeInsurancePerYearRupeesButton" time="3.596"/>
  <testcase classname="TestCases.LoanTenureCalculatorUICheck" name="validateMaintenanceExpensesPerMonthInputField" time="0.547"/>
  <testcase classname="TestCases.LoanTenureCalculatorUICheck" name="printAllTheData" time="18.762"/>
  <testcase classname="TestCases.LoanTenureCalculatorUICheck" name="calculatorsDropDownValidationFromHomeLoan" time="0.328"/>
  <testcase classname="TestCases.LoanTenureCalculatorUICheck" name="emiCalculatorPageValidation" time="10.912"/>
  <testcase classname="TestCases.LoanTenureCalculatorUICheck" name="validateEmiCalculatorLink" time="0.079"/>
  <testcase classname="TestCases.LoanTenureCalculatorUICheck" name="verifyEmiCalculatorLoanAmountInputFieldPresence" time="0.072"/>
  <testcase classname="TestCases.LoanTenureCalculatorUICheck" name="validateEmiCalculatorLoanAmountInputFieldByPassingValue" time="0.857"/>
  <testcase classname="TestCases.LoanTenureCalculatorUICheck" name="verifyEmiCalculatorInterestRateInputFieldPresence" time="0.093"/>
  <testcase classname="TestCases.LoanTenureCalculatorUICheck" name="validateEmiCalculatorInterestRateInputFieldByPassingValue" time="1.075"/>
  <testcase classname="TestCases.LoanTenureCalculatorUICheck" name="verifyEmiCalculatorLoanTenureInputFieldPresence" time="0.135"/>
  <testcase classname="TestCases.LoanTenureCalculatorUICheck" name="validateEmiCalculatorLoanTenureInputFieldByPassingValue" time="0.947"/>
  <testcase classname="TestCases.LoanTenureCalculatorUICheck" name="validateEmiCalculatorLoanTenureMonthButton" time="3.859"/>
  <testcase classname="TestCases.LoanTenureCalculatorUICheck" name="verifyEmiCalculatorLoanChargesInputFieldPresence" time="0.102"/>
  <testcase classname="TestCases.LoanTenureCalculatorUICheck" name="validateEmiCalculatorLoanChargesInputFieldByPassingValue" time="0.960"/>
  <testcase classname="TestCases.LoanTenureCalculatorUICheck" name="validateLoanAmountCalculatorLink" time="0.639"/>
  <testcase classname="TestCases.LoanTenureCalculatorUICheck" name="verifyEmiInputFieldPresence" time="0.130"/>
  <testcase classname="TestCases.LoanTenureCalculatorUICheck" name="verifyEmiInputFieldByPassingValue" time="0.879"/>
  <testcase classname="TestCases.LoanTenureCalculatorUICheck" name="verifyLoanAmountInterestRateInputFieldPresence" time="0.105"/>
  <testcase classname="TestCases.LoanTenureCalculatorUICheck" name="validateLoanAmountInterestRateInputFieldByPassingValue" time="1.114"/>
  <testcase classname="TestCases.LoanTenureCalculatorUICheck" name="verifyLoanAmountTenureInputFieldPresence" time="0.159"/>
  <testcase classname="TestCases.LoanTenureCalculatorUICheck" name="validateLoanAmountTenureInputFieldByPassingValue" time="1.531"/>
  <testcase classname="TestCases.LoanTenureCalculatorUICheck" name="validateLoanAmountLoanTenureMonthButton" time="3.608"/>
  <testcase classname="TestCases.LoanTenureCalculatorUICheck" name="verifyLoanAmountLoanChargesInputFieldPresence" time="0.074"/>
  <testcase classname="TestCases.LoanTenureCalculatorUICheck" name="validateLoanAmountLoanChargesInputFieldByPassingValue" time="1.026"/>
  <testcase classname="TestCases.LoanTenureCalculatorUICheck" name="validateLoanTenureCalculatorLink" time="1.611"/>
  <testcase classname="TestCases.LoanTenureCalculatorUICheck" name="verifyLoanTenureLoanAmountInputFieldPresence" time="0.100"/>
  <testcase classname="TestCases.LoanTenureCalculatorUICheck" name="validateLoanTenureLoanAmountInputFieldByPassingValue" time="1.293"/>
  <testcase classname="TestCases.LoanTenureCalculatorUICheck" name="verifyLoanTenureEmiInputFieldPresence" time="0.064"/>
  <testcase classname="TestCases.LoanTenureCalculatorUICheck" name="verifyLoanTenureInterestRateInputFieldPresence" time="0.058"/>
  <testcase classname="TestCases.LoanTenureCalculatorUICheck" name="validateLoanTenureInterestRateInputFieldByPassingValue" time="0.694"/>
  <testcase classname="TestCases.LoanTenureCalculatorUICheck" name="verifyLoanTenuteLoanChargesInputFieldPresence" time="0.064"/>
  <testcase classname="TestCases.LoanTenureCalculatorUICheck" name="validateLoanTenureLoanChargesInputFieldByValue" time="0.553"/>
</testsuite> <!-- TestCases.LoanTenureCalculatorUICheck -->
